This file contains any messages produced by compilers while
running configure, to aid debugging if configure makes a mistake.

It was created by SoundTouch configure 1.7.0, which was
generated by GNU Autoconf 2.69.  Invocation command line was

  $ ./configure 

## --------- ##
## Platform. ##
## --------- ##

hostname = d207-023-206-019.wireless.sfu.ca
uname -m = x86_64
uname -r = 13.0.0
uname -s = Darwin
uname -v = Darwin Kernel Version 13.0.0: Thu Sep 19 22:22:27 PDT 2013; root:xnu-2422.1.72~6/RELEASE_X86_64

/usr/bin/uname -p = i386
/bin/uname -X     = unknown

/bin/arch              = unknown
/usr/bin/arch -k       = unknown
/usr/convex/getsysinfo = unknown
/usr/bin/hostinfo      = Mach kernel version:
	 Darwin Kernel Version 13.0.0: Thu Sep 19 22:22:27 PDT 2013; root:xnu-2422.1.72~6/RELEASE_X86_64
Kernel configured for up to 8 processors.
4 processors are physically available.
8 processors are logically available.
Processor type: i486 (Intel 80486)
Processors active: 0 1 2 3 4 5 6 7
Primary memory available: 16.00 gigabytes
Default processor set: 174 tasks, 842 threads, 8 processors
Load average: 1.10, Mach factor: 6.88
/bin/machine           = unknown
/usr/bin/oslevel       = unknown
/bin/universe          = unknown

PATH: /usr/bin
PATH: /bin
PATH: /usr/sbin
PATH: /sbin
PATH: /usr/local/bin
PATH: /opt/X11/bin


## ----------- ##
## Core tests. ##
## ----------- ##

configure:2440: checking for a BSD-compatible install
configure:2508: result: /usr/bin/install -c
configure:2519: checking whether build environment is sane
configure:2574: result: yes
configure:2725: checking for a thread-safe mkdir -p
configure:2764: result: config/install-sh -c -d
configure:2771: checking for gawk
configure:2801: result: no
configure:2771: checking for mawk
configure:2801: result: no
configure:2771: checking for nawk
configure:2801: result: no
configure:2771: checking for awk
configure:2787: found /usr/bin/awk
configure:2798: result: awk
configure:2809: checking whether make sets $(MAKE)
configure:2831: result: yes
configure:2860: checking whether make supports nested variables
configure:2877: result: yes
configure:3104: checking for g++
configure:3120: found /usr/bin/g++
configure:3131: result: g++
configure:3158: checking for C++ compiler version
configure:3167: g++ --version >&5
Apple LLVM version 5.0 (clang-500.2.79) (based on LLVM 3.3svn)
Target: x86_64-apple-darwin13.0.0
Thread model: posix
Configured with: --prefix=/Applications/Xcode.app/Contents/Developer/usr --with-gxx-include-dir=/usr/include/c++/4.2.1
configure:3178: $? = 0
configure:3167: g++ -v >&5
Configured with: --prefix=/Applications/Xcode.app/Contents/Developer/usr --with-gxx-include-dir=/usr/include/c++/4.2.1
Apple LLVM version 5.0 (clang-500.2.79) (based on LLVM 3.3svn)
Target: x86_64-apple-darwin13.0.0
Thread model: posix
configure:3178: $? = 0
configure:3167: g++ -V >&5
clang: error: argument to '-V' is missing (expected 1 value)
clang: error: no input files
configure:3178: $? = 1
configure:3167: g++ -qversion >&5
clang: error: no input files
configure:3178: $? = 1
configure:3198: checking whether the C++ compiler works
configure:3220: g++    conftest.cpp  >&5
configure:3224: $? = 0
configure:3272: result: yes
configure:3275: checking for C++ compiler default output file name
configure:3277: result: a.out
configure:3283: checking for suffix of executables
configure:3290: g++ -o conftest    conftest.cpp  >&5
configure:3294: $? = 0
configure:3316: result: 
configure:3338: checking whether we are cross compiling
configure:3346: g++ -o conftest    conftest.cpp  >&5
configure:3350: $? = 0
configure:3357: ./conftest
configure:3361: $? = 0
configure:3376: result: no
configure:3381: checking for suffix of object files
configure:3403: g++ -c   conftest.cpp >&5
configure:3407: $? = 0
configure:3428: result: o
configure:3432: checking whether we are using the GNU C++ compiler
configure:3451: g++ -c   conftest.cpp >&5
configure:3451: $? = 0
configure:3460: result: yes
configure:3469: checking whether g++ accepts -g
configure:3489: g++ -c -g  conftest.cpp >&5
configure:3489: $? = 0
configure:3530: result: yes
configure:3564: checking for style of include used by make
configure:3592: result: GNU
configure:3618: checking dependency style of g++
configure:3729: result: gcc3
configure:3793: checking for gcc
configure:3809: found /usr/bin/gcc
configure:3820: result: gcc
configure:4049: checking for C compiler version
configure:4058: gcc --version >&5
Apple LLVM version 5.0 (clang-500.2.79) (based on LLVM 3.3svn)
Target: x86_64-apple-darwin13.0.0
Thread model: posix
Configured with: --prefix=/Applications/Xcode.app/Contents/Developer/usr --with-gxx-include-dir=/usr/include/c++/4.2.1
configure:4069: $? = 0
configure:4058: gcc -v >&5
Configured with: --prefix=/Applications/Xcode.app/Contents/Developer/usr --with-gxx-include-dir=/usr/include/c++/4.2.1
Apple LLVM version 5.0 (clang-500.2.79) (based on LLVM 3.3svn)
Target: x86_64-apple-darwin13.0.0
Thread model: posix
configure:4069: $? = 0
configure:4058: gcc -V >&5
clang: error: argument to '-V' is missing (expected 1 value)
clang: error: no input files
configure:4069: $? = 1
configure:4058: gcc -qversion >&5
clang: error: no input files
configure:4069: $? = 1
configure:4073: checking whether we are using the GNU C compiler
configure:4092: gcc -c   conftest.c >&5
configure:4092: $? = 0
configure:4101: result: yes
configure:4110: checking whether gcc accepts -g
configure:4130: gcc -c -g  conftest.c >&5
configure:4130: $? = 0
configure:4171: result: yes
configure:4188: checking for gcc option to accept ISO C89
configure:4251: gcc  -c -g -O2  conftest.c >&5
configure:4251: $? = 0
configure:4264: result: none needed
configure:4289: checking whether gcc understands -c and -o together
configure:4311: gcc -c conftest.c -o conftest2.o
configure:4314: $? = 0
configure:4311: gcc -c conftest.c -o conftest2.o
configure:4314: $? = 0
configure:4326: result: yes
configure:4345: checking dependency style of gcc
configure:4456: result: gcc3
configure:4476: checking how to run the C preprocessor
configure:4507: gcc -E  conftest.c
configure:4507: $? = 0
configure:4521: gcc -E  conftest.c
conftest.c:11:10: fatal error: 'ac_nonexistent.h' file not found
#include <ac_nonexistent.h>
         ^
1 error generated.
configure:4521: $? = 1
configure: failed program was:
| /* confdefs.h */
| #define PACKAGE_NAME "SoundTouch"
| #define PACKAGE_TARNAME "soundtouch"
| #define PACKAGE_VERSION "1.7.0"
| #define PACKAGE_STRING "SoundTouch 1.7.0"
| #define PACKAGE_BUGREPORT "http://www.surina.net/soundtouch"
| #define PACKAGE_URL ""
| #define PACKAGE "soundtouch"
| #define VERSION "1.7.0"
| /* end confdefs.h.  */
| #include <ac_nonexistent.h>
configure:4546: result: gcc -E
configure:4566: gcc -E  conftest.c
configure:4566: $? = 0
configure:4580: gcc -E  conftest.c
conftest.c:11:10: fatal error: 'ac_nonexistent.h' file not found
#include <ac_nonexistent.h>
         ^
1 error generated.
configure:4580: $? = 1
configure: failed program was:
| /* confdefs.h */
| #define PACKAGE_NAME "SoundTouch"
| #define PACKAGE_TARNAME "soundtouch"
| #define PACKAGE_VERSION "1.7.0"
| #define PACKAGE_STRING "SoundTouch 1.7.0"
| #define PACKAGE_BUGREPORT "http://www.surina.net/soundtouch"
| #define PACKAGE_URL ""
| #define PACKAGE "soundtouch"
| #define VERSION "1.7.0"
| /* end confdefs.h.  */
| #include <ac_nonexistent.h>
configure:4613: checking how to run the C++ preprocessor
configure:4640: g++ -E  conftest.cpp
configure:4640: $? = 0
configure:4654: g++ -E  conftest.cpp
conftest.cpp:11:10: fatal error: 'ac_nonexistent.h' file not found
#include <ac_nonexistent.h>
         ^
1 error generated.
configure:4654: $? = 1
configure: failed program was:
| /* confdefs.h */
| #define PACKAGE_NAME "SoundTouch"
| #define PACKAGE_TARNAME "soundtouch"
| #define PACKAGE_VERSION "1.7.0"
| #define PACKAGE_STRING "SoundTouch 1.7.0"
| #define PACKAGE_BUGREPORT "http://www.surina.net/soundtouch"
| #define PACKAGE_URL ""
| #define PACKAGE "soundtouch"
| #define VERSION "1.7.0"
| /* end confdefs.h.  */
| #include <ac_nonexistent.h>
configure:4679: result: g++ -E
configure:4699: g++ -E  conftest.cpp
configure:4699: $? = 0
configure:4713: g++ -E  conftest.cpp
conftest.cpp:11:10: fatal error: 'ac_nonexistent.h' file not found
#include <ac_nonexistent.h>
         ^
1 error generated.
configure:4713: $? = 1
configure: failed program was:
| /* confdefs.h */
| #define PACKAGE_NAME "SoundTouch"
| #define PACKAGE_TARNAME "soundtouch"
| #define PACKAGE_VERSION "1.7.0"
| #define PACKAGE_STRING "SoundTouch 1.7.0"
| #define PACKAGE_BUGREPORT "http://www.surina.net/soundtouch"
| #define PACKAGE_URL ""
| #define PACKAGE "soundtouch"
| #define VERSION "1.7.0"
| /* end confdefs.h.  */
| #include <ac_nonexistent.h>
configure:4743: checking whether make sets $(MAKE)
configure:4765: result: yes
configure:4804: checking build system type
configure:4818: result: x86_64-apple-darwin13.0.0
configure:4838: checking host system type
configure:4851: result: x86_64-apple-darwin13.0.0
configure:4892: checking how to print strings
configure:4919: result: printf
configure:4940: checking for a sed that does not truncate output
configure:5004: result: /usr/bin/sed
configure:5022: checking for grep that handles long lines and -e
configure:5080: result: /usr/bin/grep
configure:5085: checking for egrep
configure:5147: result: /usr/bin/grep -E
configure:5152: checking for fgrep
configure:5214: result: /usr/bin/grep -F
configure:5249: checking for ld used by gcc
configure:5316: result: /Applications/Xcode.app/Contents/Developer/Toolchains/XcodeDefault.xctoolchain/usr/bin/ld
configure:5323: checking if the linker (/Applications/Xcode.app/Contents/Developer/Toolchains/XcodeDefault.xctoolchain/usr/bin/ld) is GNU ld
configure:5338: result: no
configure:5350: checking for BSD- or MS-compatible name lister (nm)
configure:5399: result: /usr/bin/nm
configure:5529: checking the name lister (/usr/bin/nm) interface
configure:5536: g++ -c -g -O2  conftest.cpp >&5
configure:5539: /usr/bin/nm "conftest.o"
configure:5542: output
0000000000000220 S _some_variable
configure:5549: result: BSD nm
configure:5552: checking whether ln -s works
configure:5556: result: yes
configure:5564: checking the maximum length of command line arguments
configure:5694: result: 196608
configure:5711: checking whether the shell understands some XSI constructs
configure:5721: result: yes
configure:5725: checking whether the shell understands "+="
configure:5731: result: yes
configure:5766: checking how to convert x86_64-apple-darwin13.0.0 file names to x86_64-apple-darwin13.0.0 format
configure:5806: result: func_convert_file_noop
configure:5813: checking how to convert x86_64-apple-darwin13.0.0 file names to toolchain format
configure:5833: result: func_convert_file_noop
configure:5840: checking for /Applications/Xcode.app/Contents/Developer/Toolchains/XcodeDefault.xctoolchain/usr/bin/ld option to reload object files
configure:5847: result: -r
configure:5921: checking for objdump
configure:5951: result: no
configure:5980: checking how to recognize dependent libraries
configure:6182: result: pass_all
configure:6267: checking for dlltool
configure:6297: result: no
configure:6327: checking how to associate runtime and link libraries
configure:6354: result: printf %s\n
configure:6415: checking for ar
configure:6431: found /usr/bin/ar
configure:6442: result: ar
configure:6479: checking for archiver @FILE support
configure:6496: g++ -c -g -O2  conftest.cpp >&5
configure:6496: $? = 0
configure:6499: ar cru libconftest.a @conftest.lst >&5
ar: @conftest.lst: No such file or directory
configure:6502: $? = 1
configure:6522: result: no
configure:6580: checking for strip
configure:6596: found /usr/bin/strip
configure:6607: result: strip
configure:6679: checking for ranlib
configure:6695: found /usr/bin/ranlib
configure:6706: result: ranlib
configure:6808: checking command to parse /usr/bin/nm output from gcc object
configure:6928: g++ -c -g -O2  conftest.cpp >&5
configure:6931: $? = 0
configure:6935: /usr/bin/nm conftest.o \| sed -n -e 's/^.*[ ]\([BCDEGRST][BCDEGRST]*\)[ ][ ]*\([_A-Za-z][_A-Za-z0-9]*\)$/\1 \2 \2/p' | sed '/ __gnu_lto/d' \> conftest.nm
configure:6938: $? = 0
cannot find nm_test_var in conftest.nm
configure:6928: g++ -c -g -O2  conftest.cpp >&5
configure:6931: $? = 0
configure:6935: /usr/bin/nm conftest.o \| sed -n -e 's/^.*[ ]\([BCDEGRST][BCDEGRST]*\)[ ][ ]*_\([_A-Za-z][_A-Za-z0-9]*\)$/\1 _\2 \2/p' | sed '/ __gnu_lto/d' \> conftest.nm
configure:6938: $? = 0
configure:7004: g++ -o conftest -g -O2   conftest.cpp conftstm.o >&5
configure:7007: $? = 0
configure:7045: result: ok
configure:7082: checking for sysroot
configure:7112: result: no
configure:7369: checking for mt
configure:7399: result: no
configure:7419: checking if : is a manifest tool
configure:7425: : '-?'
configure:7433: result: no
configure:7489: checking for dsymutil
configure:7505: found /usr/bin/dsymutil
configure:7516: result: dsymutil
configure:7581: checking for nmedit
configure:7597: found /usr/bin/nmedit
configure:7608: result: nmedit
configure:7673: checking for lipo
configure:7689: found /usr/bin/lipo
configure:7700: result: lipo
configure:7765: checking for otool
configure:7781: found /usr/bin/otool
configure:7792: result: otool
configure:7857: checking for otool64
configure:7887: result: no
configure:7932: checking for -single_module linker flag
gcc -g -O2  -o libconftest.dylib -dynamiclib -Wl,-single_module conftest.c
configure:7965: result: yes
configure:7968: checking for -exported_symbols_list linker flag
configure:7988: g++ -o conftest -g -O2   -Wl,-exported_symbols_list,conftest.sym conftest.cpp  >&5
configure:7988: $? = 0
configure:7998: result: yes
configure:8001: checking for -force_load linker flag
gcc -g -O2 -c -o conftest.o conftest.c
ar cru libconftest.a conftest.o
ranlib libconftest.a
gcc -g -O2  -o conftest conftest.c -Wl,-force_load,./libconftest.a
configure:8033: result: yes
configure:8071: checking for ANSI C header files
configure:8091: g++ -c -g -O2  conftest.cpp >&5
configure:8091: $? = 0
configure:8164: g++ -o conftest -g -O2   conftest.cpp  >&5
configure:8164: $? = 0
configure:8164: ./conftest
configure:8164: $? = 0
configure:8175: result: yes
configure:8188: checking for sys/types.h
configure:8188: g++ -c -g -O2  conftest.cpp >&5
configure:8188: $? = 0
configure:8188: result: yes
configure:8188: checking for sys/stat.h
configure:8188: g++ -c -g -O2  conftest.cpp >&5
configure:8188: $? = 0
configure:8188: result: yes
configure:8188: checking for stdlib.h
configure:8188: g++ -c -g -O2  conftest.cpp >&5
configure:8188: $? = 0
configure:8188: result: yes
configure:8188: checking for string.h
configure:8188: g++ -c -g -O2  conftest.cpp >&5
configure:8188: $? = 0
configure:8188: result: yes
configure:8188: checking for memory.h
configure:8188: g++ -c -g -O2  conftest.cpp >&5
configure:8188: $? = 0
configure:8188: result: yes
configure:8188: checking for strings.h
configure:8188: g++ -c -g -O2  conftest.cpp >&5
configure:8188: $? = 0
configure:8188: result: yes
configure:8188: checking for inttypes.h
configure:8188: g++ -c -g -O2  conftest.cpp >&5
configure:8188: $? = 0
configure:8188: result: yes
configure:8188: checking for stdint.h
configure:8188: g++ -c -g -O2  conftest.cpp >&5
configure:8188: $? = 0
configure:8188: result: yes
configure:8188: checking for unistd.h
configure:8188: g++ -c -g -O2  conftest.cpp >&5
configure:8188: $? = 0
configure:8188: result: yes
configure:8202: checking for dlfcn.h
configure:8202: g++ -c -g -O2  conftest.cpp >&5
configure:8202: $? = 0
configure:8202: result: yes
configure:8388: checking for objdir
configure:8403: result: .libs
configure:8674: checking if gcc supports -fno-rtti -fno-exceptions
configure:8692: gcc -c -g -O2  -fno-rtti -fno-exceptions conftest.c >&5
configure:8696: $? = 0
configure:8709: result: yes
configure:9036: checking for gcc option to produce PIC
configure:9043: result: -fno-common -DPIC
configure:9051: checking if gcc PIC flag -fno-common -DPIC works
configure:9069: gcc -c -g -O2  -fno-common -DPIC -DPIC conftest.c >&5
configure:9073: $? = 0
configure:9086: result: yes
configure:9115: checking if gcc static flag -static works
configure:9143: result: no
configure:9158: checking if gcc supports -c -o file.o
configure:9179: gcc -c -g -O2  -o out/conftest2.o conftest.c >&5
configure:9183: $? = 0
configure:9205: result: yes
configure:9213: checking if gcc supports -c -o file.o
configure:9260: result: yes
configure:9293: checking whether the gcc linker (/Applications/Xcode.app/Contents/Developer/Toolchains/XcodeDefault.xctoolchain/usr/bin/ld) supports shared libraries
configure:10446: result: yes
configure:10686: checking dynamic linker characteristics
configure:11419: result: darwin13.0.0 dyld
configure:11526: checking how to hardcode library paths into programs
configure:11551: result: immediate
configure:12091: checking whether stripping libraries is possible
configure:12105: result: yes
configure:12131: checking if libtool supports shared libraries
configure:12133: result: yes
configure:12136: checking whether to build shared libraries
configure:12157: result: yes
configure:12160: checking whether to build static libraries
configure:12164: result: no
configure:12187: checking how to run the C++ preprocessor
configure:12253: result: g++ -E
configure:12273: g++ -E  conftest.cpp
configure:12273: $? = 0
configure:12287: g++ -E  conftest.cpp
conftest.cpp:23:10: fatal error: 'ac_nonexistent.h' file not found
#include <ac_nonexistent.h>
         ^
1 error generated.
configure:12287: $? = 1
configure: failed program was:
| /* confdefs.h */
| #define PACKAGE_NAME "SoundTouch"
| #define PACKAGE_TARNAME "soundtouch"
| #define PACKAGE_VERSION "1.7.0"
| #define PACKAGE_STRING "SoundTouch 1.7.0"
| #define PACKAGE_BUGREPORT "http://www.surina.net/soundtouch"
| #define PACKAGE_URL ""
| #define PACKAGE "soundtouch"
| #define VERSION "1.7.0"
| #define STDC_HEADERS 1
| #define HAVE_SYS_TYPES_H 1
| #define HAVE_SYS_STAT_H 1
| #define HAVE_STDLIB_H 1
| #define HAVE_STRING_H 1
| #define HAVE_MEMORY_H 1
| #define HAVE_STRINGS_H 1
| #define HAVE_INTTYPES_H 1
| #define HAVE_STDINT_H 1
| #define HAVE_UNISTD_H 1
| #define HAVE_DLFCN_H 1
| #define LT_OBJDIR ".libs/"
| /* end confdefs.h.  */
| #include <ac_nonexistent.h>
configure:12456: checking for ld used by g++
configure:12523: result: /Applications/Xcode.app/Contents/Developer/Toolchains/XcodeDefault.xctoolchain/usr/bin/ld
configure:12530: checking if the linker (/Applications/Xcode.app/Contents/Developer/Toolchains/XcodeDefault.xctoolchain/usr/bin/ld) is GNU ld
configure:12545: result: no
configure:12600: checking whether the g++ linker (/Applications/Xcode.app/Contents/Developer/Toolchains/XcodeDefault.xctoolchain/usr/bin/ld) supports shared libraries
configure:13605: result: yes
configure:13641: g++ -c -g -O2  conftest.cpp >&5
configure:13644: $? = 0
configure:14164: checking for g++ option to produce PIC
configure:14171: result: -fno-common -DPIC
configure:14179: checking if g++ PIC flag -fno-common -DPIC works
configure:14197: g++ -c -g -O2  -fno-common -DPIC -DPIC conftest.cpp >&5
configure:14201: $? = 0
configure:14214: result: yes
configure:14237: checking if g++ static flag -static works
configure:14265: result: no
configure:14277: checking if g++ supports -c -o file.o
configure:14298: g++ -c -g -O2  -o out/conftest2.o conftest.cpp >&5
configure:14302: $? = 0
configure:14324: result: yes
configure:14329: checking if g++ supports -c -o file.o
configure:14376: result: yes
configure:14406: checking whether the g++ linker (/Applications/Xcode.app/Contents/Developer/Toolchains/XcodeDefault.xctoolchain/usr/bin/ld) supports shared libraries
configure:14442: result: yes
configure:14583: checking dynamic linker characteristics
configure:15250: result: darwin13.0.0 dyld
configure:15303: checking how to hardcode library paths into programs
configure:15328: result: immediate
configure:15393: checking for ANSI C header files
configure:15497: result: yes
configure:15509: checking cpuid.h usability
configure:15509: g++ -c -g -O2  conftest.cpp >&5
configure:15509: $? = 0
configure:15509: result: yes
configure:15509: checking cpuid.h presence
configure:15509: g++ -E  conftest.cpp
configure:15509: $? = 0
configure:15509: result: yes
configure:15509: checking for cpuid.h
configure:15509: result: yes
configure:15530: checking for an ANSI C-conforming const
configure:15596: g++ -c -g -O2  conftest.cpp >&5
configure:15596: $? = 0
configure:15603: result: yes
configure:15611: checking for inline
configure:15627: g++ -c -g -O2  conftest.cpp >&5
configure:15627: $? = 0
configure:15635: result: inline
configure:15726: g++ -c -mmmx -Winline -g -O2  conftest.cpp >&5
configure:15726: $? = 0
configure:15768: g++ -c -msse -Winline -g -O2  conftest.cpp >&5
configure:15768: $? = 0
configure:15826: checking for stdlib.h
configure:15826: result: yes
configure:15836: checking for GNU libc compatible malloc
configure:15860: g++ -o conftest -g -O2   conftest.cpp  >&5
configure:15860: $? = 0
configure:15860: ./conftest
configure:15860: $? = 0
configure:15870: result: yes
configure:15891: checking return type of signal handlers
configure:15909: g++ -c -g -O2  conftest.cpp >&5
conftest.cpp:34:8: error: indirection requires pointer operand ('void' invalid)
return *(signal (0, 0)) (0) == 1;
       ^~~~~~~~~~~~~~~~~~~~
1 error generated.
configure:15909: $? = 1
configure: failed program was:
| /* confdefs.h */
| #define PACKAGE_NAME "SoundTouch"
| #define PACKAGE_TARNAME "soundtouch"
| #define PACKAGE_VERSION "1.7.0"
| #define PACKAGE_STRING "SoundTouch 1.7.0"
| #define PACKAGE_BUGREPORT "http://www.surina.net/soundtouch"
| #define PACKAGE_URL ""
| #define PACKAGE "soundtouch"
| #define VERSION "1.7.0"
| #define STDC_HEADERS 1
| #define HAVE_SYS_TYPES_H 1
| #define HAVE_SYS_STAT_H 1
| #define HAVE_STDLIB_H 1
| #define HAVE_STRING_H 1
| #define HAVE_MEMORY_H 1
| #define HAVE_STRINGS_H 1
| #define HAVE_INTTYPES_H 1
| #define HAVE_STDINT_H 1
| #define HAVE_UNISTD_H 1
| #define HAVE_DLFCN_H 1
| #define LT_OBJDIR ".libs/"
| #define STDC_HEADERS 1
| #define HAVE_CPUID_H 1
| #define SOUNDTOUCH_FLOAT_SAMPLES 1
| #define HAVE_STDLIB_H 1
| #define HAVE_MALLOC 1
| /* end confdefs.h.  */
| #include <sys/types.h>
| #include <signal.h>
| 
| int
| main ()
| {
| return *(signal (0, 0)) (0) == 1;
|   ;
|   return 0;
| }
configure:15916: result: void
configure:15925: checking for sqrt in -lm
configure:15950: g++ -o conftest -g -O2   conftest.cpp -lm   >&5
configure:15950: $? = 0
configure:15959: result: yes
configure:16102: checking that generated files are newer than configure
configure:16108: result: done
configure:16147: creating ./config.status

## ---------------------- ##
## Running config.status. ##
## ---------------------- ##

This file was extended by SoundTouch config.status 1.7.0, which was
generated by GNU Autoconf 2.69.  Invocation command line was

  CONFIG_FILES    = 
  CONFIG_HEADERS  = 
  CONFIG_LINKS    = 
  CONFIG_COMMANDS = 
  $ ./config.status 

on d207-023-206-019.wireless.sfu.ca

config.status:1158: creating Makefile
config.status:1158: creating source/Makefile
config.status:1158: creating source/SoundTouch/Makefile
config.status:1158: creating source/SoundStretch/Makefile
config.status:1158: creating include/Makefile
config.status:1158: creating soundtouch.pc
config.status:1158: creating include/soundtouch_config.h
config.status:1387: executing depfiles commands
config.status:1387: executing libtool commands

## ---------------- ##
## Cache variables. ##
## ---------------- ##

ac_cv_build=x86_64-apple-darwin13.0.0
ac_cv_c_compiler_gnu=yes
ac_cv_c_const=yes
ac_cv_c_inline=inline
ac_cv_cxx_compiler_gnu=yes
ac_cv_env_CCC_set=
ac_cv_env_CCC_value=
ac_cv_env_CC_set=
ac_cv_env_CC_value=
ac_cv_env_CFLAGS_set=
ac_cv_env_CFLAGS_value=
ac_cv_env_CPPFLAGS_set=
ac_cv_env_CPPFLAGS_value=
ac_cv_env_CPP_set=
ac_cv_env_CPP_value=
ac_cv_env_CXXCPP_set=
ac_cv_env_CXXCPP_value=
ac_cv_env_CXXFLAGS_set=
ac_cv_env_CXXFLAGS_value=
ac_cv_env_CXX_set=
ac_cv_env_CXX_value=
ac_cv_env_LDFLAGS_set=
ac_cv_env_LDFLAGS_value=
ac_cv_env_LIBS_set=
ac_cv_env_LIBS_value=
ac_cv_env_build_alias_set=
ac_cv_env_build_alias_value=
ac_cv_env_host_alias_set=
ac_cv_env_host_alias_value=
ac_cv_env_target_alias_set=
ac_cv_env_target_alias_value=
ac_cv_func_malloc_0_nonnull=yes
ac_cv_header_cpuid_h=yes
ac_cv_header_dlfcn_h=yes
ac_cv_header_inttypes_h=yes
ac_cv_header_memory_h=yes
ac_cv_header_stdc=yes
ac_cv_header_stdint_h=yes
ac_cv_header_stdlib_h=yes
ac_cv_header_string_h=yes
ac_cv_header_strings_h=yes
ac_cv_header_sys_stat_h=yes
ac_cv_header_sys_types_h=yes
ac_cv_header_unistd_h=yes
ac_cv_host=x86_64-apple-darwin13.0.0
ac_cv_lib_m_sqrt=yes
ac_cv_objext=o
ac_cv_path_EGREP='/usr/bin/grep -E'
ac_cv_path_FGREP='/usr/bin/grep -F'
ac_cv_path_GREP=/usr/bin/grep
ac_cv_path_SED=/usr/bin/sed
ac_cv_path_install='/usr/bin/install -c'
ac_cv_prog_AWK=awk
ac_cv_prog_CPP='gcc -E'
ac_cv_prog_CXXCPP='g++ -E'
ac_cv_prog_ac_ct_AR=ar
ac_cv_prog_ac_ct_CC=gcc
ac_cv_prog_ac_ct_CXX=g++
ac_cv_prog_ac_ct_DSYMUTIL=dsymutil
ac_cv_prog_ac_ct_LIPO=lipo
ac_cv_prog_ac_ct_NMEDIT=nmedit
ac_cv_prog_ac_ct_OTOOL=otool
ac_cv_prog_ac_ct_RANLIB=ranlib
ac_cv_prog_ac_ct_STRIP=strip
ac_cv_prog_cc_c89=
ac_cv_prog_cc_g=yes
ac_cv_prog_cxx_g=yes
ac_cv_prog_make_make_set=yes
ac_cv_type_signal=void
am_cv_CC_dependencies_compiler_type=gcc3
am_cv_CXX_dependencies_compiler_type=gcc3
am_cv_make_support_nested_variables=yes
am_cv_prog_cc_c_o=yes
lt_cv_apple_cc_single_mod=yes
lt_cv_ar_at_file=no
lt_cv_deplibs_check_method=pass_all
lt_cv_file_magic_cmd='$MAGIC_CMD'
lt_cv_file_magic_test_file=
lt_cv_ld_exported_symbols_list=yes
lt_cv_ld_force_load=yes
lt_cv_ld_reload_flag=-r
lt_cv_nm_interface='BSD nm'
lt_cv_objdir=.libs
lt_cv_path_LD=/Applications/Xcode.app/Contents/Developer/Toolchains/XcodeDefault.xctoolchain/usr/bin/ld
lt_cv_path_LDCXX=/Applications/Xcode.app/Contents/Developer/Toolchains/XcodeDefault.xctoolchain/usr/bin/ld
lt_cv_path_NM=/usr/bin/nm
lt_cv_path_mainfest_tool=no
lt_cv_prog_compiler_c_o=yes
lt_cv_prog_compiler_c_o_CXX=yes
lt_cv_prog_compiler_pic='-fno-common -DPIC'
lt_cv_prog_compiler_pic_CXX='-fno-common -DPIC'
lt_cv_prog_compiler_pic_works=yes
lt_cv_prog_compiler_pic_works_CXX=yes
lt_cv_prog_compiler_rtti_exceptions=yes
lt_cv_prog_compiler_static_works=no
lt_cv_prog_compiler_static_works_CXX=no
lt_cv_prog_gnu_ld=no
lt_cv_prog_gnu_ldcxx=no
lt_cv_sharedlib_from_linklib_cmd='printf %s\n'
lt_cv_sys_global_symbol_pipe='sed -n -e '\''s/^.*[	 ]\([BCDEGRST][BCDEGRST]*\)[	 ][	 ]*_\([_A-Za-z][_A-Za-z0-9]*\)$/\1 _\2 \2/p'\'' | sed '\''/ __gnu_lto/d'\'''
lt_cv_sys_global_symbol_to_c_name_address='sed -n -e '\''s/^: \([^ ]*\)[ ]*$/  {\"\1\", (void *) 0},/p'\'' -e '\''s/^[BCDEGRST]* \([^ ]*\) \([^ ]*\)$/  {"\2", (void *) \&\2},/p'\'''
lt_cv_sys_global_symbol_to_c_name_address_lib_prefix='sed -n -e '\''s/^: \([^ ]*\)[ ]*$/  {\"\1\", (void *) 0},/p'\'' -e '\''s/^[BCDEGRST]* \([^ ]*\) \(lib[^ ]*\)$/  {"\2", (void *) \&\2},/p'\'' -e '\''s/^[BCDEGRST]* \([^ ]*\) \([^ ]*\)$/  {"lib\2", (void *) \&\2},/p'\'''
lt_cv_sys_global_symbol_to_cdecl='sed -n -e '\''s/^T .* \(.*\)$/extern int \1();/p'\'' -e '\''s/^[BCDEGRST]* .* \(.*\)$/extern char \1;/p'\'''
lt_cv_sys_max_cmd_len=196608
lt_cv_to_host_file_cmd=func_convert_file_noop
lt_cv_to_tool_file_cmd=func_convert_file_noop

## ----------------- ##
## Output variables. ##
## ----------------- ##

ACLOCAL='${SHELL} /Users/Farzin/Developer/Tetrino/Tetrino/soundtouch/config/missing aclocal-1.14'
AMDEPBACKSLASH='\'
AMDEP_FALSE='#'
AMDEP_TRUE=''
AMTAR='$${TAR-tar}'
AM_BACKSLASH='\'
AM_DEFAULT_V='$(AM_DEFAULT_VERBOSITY)'
AM_DEFAULT_VERBOSITY='1'
AM_V='$(V)'
AR='ar'
AUTOCONF='${SHELL} /Users/Farzin/Developer/Tetrino/Tetrino/soundtouch/config/missing autoconf'
AUTOHEADER='${SHELL} /Users/Farzin/Developer/Tetrino/Tetrino/soundtouch/config/missing autoheader'
AUTOMAKE='${SHELL} /Users/Farzin/Developer/Tetrino/Tetrino/soundtouch/config/missing automake-1.14'
AWK='awk'
CC='gcc'
CCDEPMODE='depmode=gcc3'
CFLAGS='-g -O2'
CPP='gcc -E'
CPPFLAGS=''
CXX='g++'
CXXCPP='g++ -E'
CXXDEPMODE='depmode=gcc3'
CXXFLAGS='-g -O2'
CYGPATH_W='echo'
DEFS='-DHAVE_CONFIG_H'
DEPDIR='.deps'
DLLTOOL='false'
DSYMUTIL='dsymutil'
DUMPBIN=''
ECHO_C='\c'
ECHO_N=''
ECHO_T=''
EGREP='/usr/bin/grep -E'
EXEEXT=''
FGREP='/usr/bin/grep -F'
GREP='/usr/bin/grep'
HAVE_MMX_FALSE='#'
HAVE_MMX_TRUE=''
HAVE_SSE_FALSE='#'
HAVE_SSE_TRUE=''
INSTALL_DATA='${INSTALL} -m 644'
INSTALL_PROGRAM='${INSTALL}'
INSTALL_SCRIPT='${INSTALL}'
INSTALL_STRIP_PROGRAM='$(install_sh) -c -s'
LD='/Applications/Xcode.app/Contents/Developer/Toolchains/XcodeDefault.xctoolchain/usr/bin/ld'
LDFLAGS=''
LIBOBJS=''
LIBS='-lm '
LIBTOOL='$(SHELL) $(top_builddir)/libtool'
LIPO='lipo'
LN_S='ln -s'
LTLIBOBJS=''
MAKEINFO='${SHELL} /Users/Farzin/Developer/Tetrino/Tetrino/soundtouch/config/missing makeinfo'
MANIFEST_TOOL=':'
MKDIR_P='config/install-sh -c -d'
NM='/usr/bin/nm'
NMEDIT='nmedit'
OBJDUMP='false'
OBJEXT='o'
OTOOL64=':'
OTOOL='otool'
PACKAGE='soundtouch'
PACKAGE_BUGREPORT='http://www.surina.net/soundtouch'
PACKAGE_NAME='SoundTouch'
PACKAGE_STRING='SoundTouch 1.7.0'
PACKAGE_TARNAME='soundtouch'
PACKAGE_URL=''
PACKAGE_VERSION='1.7.0'
PATH_SEPARATOR=':'
RANLIB='ranlib'
SED='/usr/bin/sed'
SET_MAKE=''
SHELL='/bin/sh'
STRIP='strip'
VERSION='1.7.0'
X86_OPTIMIZATIONS_FALSE='#'
X86_OPTIMIZATIONS_TRUE=''
ac_ct_AR='ar'
ac_ct_CC='gcc'
ac_ct_CXX='g++'
ac_ct_DUMPBIN=''
am__EXEEXT_FALSE=''
am__EXEEXT_TRUE='#'
am__fastdepCC_FALSE='#'
am__fastdepCC_TRUE=''
am__fastdepCXX_FALSE='#'
am__fastdepCXX_TRUE=''
am__include='include'
am__isrc=''
am__leading_dot='.'
am__nodep='_no'
am__quote=''
am__tar='$${TAR-tar} chof - "$$tardir"'
am__untar='$${TAR-tar} xf -'
bindir='${exec_prefix}/bin'
build='x86_64-apple-darwin13.0.0'
build_alias=''
build_cpu='x86_64'
build_os='darwin13.0.0'
build_vendor='apple'
datadir='${datarootdir}'
datarootdir='${prefix}/share'
docdir='${datarootdir}/doc/${PACKAGE_TARNAME}'
dvidir='${docdir}'
exec_prefix='${prefix}'
host='x86_64-apple-darwin13.0.0'
host_alias=''
host_cpu='x86_64'
host_os='darwin13.0.0'
host_vendor='apple'
htmldir='${docdir}'
includedir='${prefix}/include'
infodir='${datarootdir}/info'
install_sh='${SHELL} /Users/Farzin/Developer/Tetrino/Tetrino/soundtouch/config/install-sh'
libdir='${exec_prefix}/lib'
libexecdir='${exec_prefix}/libexec'
localedir='${datarootdir}/locale'
localstatedir='${prefix}/var'
mandir='${datarootdir}/man'
mkdir_p='$(MKDIR_P)'
oldincludedir='/usr/include'
pdfdir='${docdir}'
prefix='/usr/local'
program_transform_name='s,x,x,'
psdir='${docdir}'
sbindir='${exec_prefix}/sbin'
sharedstatedir='${prefix}/com'
sysconfdir='${prefix}/etc'
target_alias=''

## ----------- ##
## confdefs.h. ##
## ----------- ##

/* confdefs.h */
#define PACKAGE_NAME "SoundTouch"
#define PACKAGE_TARNAME "soundtouch"
#define PACKAGE_VERSION "1.7.0"
#define PACKAGE_STRING "SoundTouch 1.7.0"
#define PACKAGE_BUGREPORT "http://www.surina.net/soundtouch"
#define PACKAGE_URL ""
#define PACKAGE "soundtouch"
#define VERSION "1.7.0"
#define STDC_HEADERS 1
#define HAVE_SYS_TYPES_H 1
#define HAVE_SYS_STAT_H 1
#define HAVE_STDLIB_H 1
#define HAVE_STRING_H 1
#define HAVE_MEMORY_H 1
#define HAVE_STRINGS_H 1
#define HAVE_INTTYPES_H 1
#define HAVE_STDINT_H 1
#define HAVE_UNISTD_H 1
#define HAVE_DLFCN_H 1
#define LT_OBJDIR ".libs/"
#define STDC_HEADERS 1
#define HAVE_CPUID_H 1
#define SOUNDTOUCH_FLOAT_SAMPLES 1
#define HAVE_STDLIB_H 1
#define HAVE_MALLOC 1
#define RETSIGTYPE void
#define HAVE_LIBM 1

configure: exit 0
